gyp info it worked if it ends with ok
gyp info using node-gyp@9.1.0
gyp info using node@20.10.0 | linux | x64
gyp info find Python using Python version 3.10.13 found at "/home/codespace/.python/current/bin/python3"
gyp http GET https://nodejs.org/download/release/v20.10.0/node-v20.10.0-headers.tar.gz
gyp http 200 https://nodejs.org/download/release/v20.10.0/node-v20.10.0-headers.tar.gz
gyp http GET https://nodejs.org/download/release/v20.10.0/SHASUMS256.txt
gyp http 200 https://nodejs.org/download/release/v20.10.0/SHASUMS256.txt
gyp info spawn /home/codespace/.python/current/bin/python3
gyp info spawn args [
gyp info spawn args   '/opt/nodejs/16.20.2/lib/node_modules/npm/node_modules/node-gyp/gyp/gyp_main.py',
gyp info spawn args   'binding.gyp',
gyp info spawn args   '-f',
gyp info spawn args   'make',
gyp info spawn args   '-I',
gyp info spawn args   '/workspaces/smart_dustbin/node_modules/ws/build/config.gypi',
gyp info spawn args   '-I',
gyp info spawn args   '/opt/nodejs/16.20.2/lib/node_modules/npm/node_modules/node-gyp/addon.gypi',
gyp info spawn args   '-I',
gyp info spawn args   '/home/codespace/.cache/node-gyp/20.10.0/include/node/common.gypi',
gyp info spawn args   '-Dlibrary=shared_library',
gyp info spawn args   '-Dvisibility=default',
gyp info spawn args   '-Dnode_root_dir=/home/codespace/.cache/node-gyp/20.10.0',
gyp info spawn args   '-Dnode_gyp_dir=/opt/nodejs/16.20.2/lib/node_modules/npm/node_modules/node-gyp',
gyp info spawn args   '-Dnode_lib_file=/home/codespace/.cache/node-gyp/20.10.0/<(target_arch)/node.lib',
gyp info spawn args   '-Dmodule_root_dir=/workspaces/smart_dustbin/node_modules/ws',
gyp info spawn args   '-Dnode_engine=v8',
gyp info spawn args   '--depth=.',
gyp info spawn args   '--no-parallel',
gyp info spawn args   '--generator-output',
gyp info spawn args   'build',
gyp info spawn args   '-Goutput_dir=.'
gyp info spawn args ]
gyp info spawn make
gyp info spawn args [ 'BUILDTYPE=Release', '-C', 'build' ]
In file included from ../src/bufferutil.cc:15:
../node_modules/nan/nan.h:206:5: error: ‘v8::Handle’ has not been declared
  206 |   , v8::Handle<v8::String> opt, bool def
      |     ^~
../node_modules/nan/nan.h:206:15: error: expected ‘,’ or ‘...’ before ‘<’ token
  206 |   , v8::Handle<v8::String> opt, bool def
      |               ^
../node_modules/nan/nan.h: In function ‘bool NanBooleanOptionValue(v8::Local<v8::Object>, int)’:
../node_modules/nan/nan.h:208:7: error: ‘def’ was not declared in this scope
  208 |   if (def) {
      |       ^~~
../node_modules/nan/nan.h:210:27: error: ‘opt’ was not declared in this scope
  210 |       || !optionsObj->Has(opt)
      |                           ^~~
../node_modules/nan/nan.h:214:26: error: ‘opt’ was not declared in this scope
  214 |       && optionsObj->Has(opt)
      |                          ^~~
../node_modules/nan/nan.h: At global scope:
../node_modules/nan/nan.h:221:5: error: ‘v8::Handle’ has not been declared
  221 |   , v8::Handle<v8::String> opt
      |     ^~
../node_modules/nan/nan.h:221:15: error: expected ‘,’ or ‘...’ before ‘<’ token
  221 |   , v8::Handle<v8::String> opt
      |               ^
../node_modules/nan/nan.h:219:17: error: redefinition of ‘bool NanBooleanOptionValue(v8::Local<v8::Object>, int)’
  219 | NAN_INLINE bool NanBooleanOptionValue(
      |                 ^~~~~~~~~~~~~~~~~~~~~
../node_modules/nan/nan.h:204:17: note: ‘bool NanBooleanOptionValue(v8::Local<v8::Object>, int)’ previously defined here
  204 | NAN_INLINE bool NanBooleanOptionValue(
      |                 ^~~~~~~~~~~~~~~~~~~~~
../node_modules/nan/nan.h: In function ‘bool NanBooleanOptionValue(v8::Local<v8::Object>, int)’:
../node_modules/nan/nan.h:223:44: error: ‘opt’ was not declared in this scope
  223 |   return NanBooleanOptionValue(optionsObj, opt, false);
      |                                            ^~~
../node_modules/nan/nan.h: At global scope:
../node_modules/nan/nan.h:228:5: error: ‘v8::Handle’ has not been declared
  228 |   , v8::Handle<v8::String> opt
      |     ^~
../node_modules/nan/nan.h:228:15: error: expected ‘,’ or ‘...’ before ‘<’ token
  228 |   , v8::Handle<v8::String> opt
      |               ^
../node_modules/nan/nan.h: In function ‘uint32_t NanUInt32OptionValue(v8::Local<v8::Object>, int)’:
../node_modules/nan/nan.h:232:24: error: ‘opt’ was not declared in this scope
  232 |     && optionsObj->Has(opt)
      |                        ^~~
../node_modules/nan/nan.h:235:9: error: ‘def’ was not declared in this scope
  235 |       : def;
      |         ^~~
../node_modules/nan/nan.h: At global scope:
../node_modules/nan/nan.h:334:11: warning: ‘always_inline’ attribute ignored [-Wattributes]
  334 |       v8::Handle<v8::FunctionTemplate> receiver
      |           ^~~~~~
../node_modules/nan/nan.h:334:11: error: ‘template<class T> v8::Local<v8::Signature> NanNew’ conflicts with a previous declaration
../node_modules/nan/nan.h:328:27: note: previous declaration ‘NanNew’
  328 |   NAN_INLINE v8::Local<T> NanNew(P arg1) {
      |                           ^~~~~~
../node_modules/nan/nan.h:334:11: error: ‘Handle’ is not a member of ‘v8’; did you mean ‘JobHandle’?
  334 |       v8::Handle<v8::FunctionTemplate> receiver
      |           ^~~~~~
      |           JobHandle
../node_modules/nan/nan.h:334:38: error: expected primary-expression before ‘>’ token
  334 |       v8::Handle<v8::FunctionTemplate> receiver
      |                                      ^
../node_modules/nan/nan.h:334:40: error: ‘receiver’ was not declared in this scope
  334 |       v8::Handle<v8::FunctionTemplate> receiver
      |                                        ^~~~~~~~
../node_modules/nan/nan.h:335:7: error: expected primary-expression before ‘int’
  335 |     , int argc
      |       ^~~
../node_modules/nan/nan.h:336:11: error: ‘Handle’ is not a member of ‘v8’; did you mean ‘JobHandle’?
  336 |     , v8::Handle<v8::FunctionTemplate> argv[] = 0) {
      |           ^~~~~~
      |           JobHandle
../node_modules/nan/nan.h:336:38: error: expected primary-expression before ‘>’ token
  336 |     , v8::Handle<v8::FunctionTemplate> argv[] = 0) {
      |                                      ^
../node_modules/nan/nan.h:336:40: error: ‘argv’ was not declared in this scope
  336 |     , v8::Handle<v8::FunctionTemplate> argv[] = 0) {
      |                                        ^~~~
../node_modules/nan/nan.h:336:45: error: expected primary-expression before ‘]’ token
  336 |     , v8::Handle<v8::FunctionTemplate> argv[] = 0) {
      |                                             ^
../node_modules/nan/nan.h:336:51: error: expected ‘;’ before ‘{’ token
  336 |     , v8::Handle<v8::FunctionTemplate> argv[] = 0) {
      |                                                   ^~
      |                                                   ;
../node_modules/nan/nan.h:343:7: error: ‘v8::Handle’ has not been declared
  343 |     , v8::Handle<v8::Value> data = v8::Handle<v8::Value>()
      |       ^~
../node_modules/nan/nan.h:343:17: error: expected ‘,’ or ‘...’ before ‘<’ token
  343 |     , v8::Handle<v8::Value> data = v8::Handle<v8::Value>()
      |                 ^
../node_modules/nan/nan.h: In function ‘v8::Local<v8::FunctionTemplate> NanNew(NanFunctionCallback, int)’:
../node_modules/nan/nan.h:345:42: error: ‘data’ was not declared in this scope; did you mean ‘std::data’?
  345 |     return T::New(nan_isolate, callback, data, signature);
      |                                          ^~~~
      |                                          std::data
In file included from /usr/include/c++/9/string:54,
                 from /usr/include/c++/9/stdexcept:39,
                 from /usr/include/c++/9/array:39,
                 from /usr/include/c++/9/tuple:39,
                 from /usr/include/c++/9/bits/unique_ptr.h:37,
                 from /usr/include/c++/9/memory:80,
                 from /home/codespace/.cache/node-gyp/20.10.0/include/node/v8.h:21,
                 from ../src/bufferutil.cc:7:
/usr/include/c++/9/bits/range_access.h:318:5: note: ‘std::data’ declared here
  318 |     data(initializer_list<_Tp> __il) noexcept
      |     ^~~~
In file included from ../src/bufferutil.cc:15:
../node_modules/nan/nan.h:345:48: error: ‘signature’ was not declared in this scope; did you mean ‘sigreturn’?
  345 |     return T::New(nan_isolate, callback, data, signature);
      |                                                ^~~~~~~~~
      |                                                sigreturn
../node_modules/nan/nan.h: At global scope:
../node_modules/nan/nan.h:349:38: warning: ‘always_inline’ attribute ignored [-Wattributes]
  349 |   NAN_INLINE v8::Local<T> NanNew(v8::Handle<T> arg1) {
      |                                      ^~~~~~
../node_modules/nan/nan.h:349:38: error: ‘template<class T> v8::Local<T> NanNew’ conflicts with a previous declaration
../node_modules/nan/nan.h:341:46: note: previous declaration ‘NanNew’
  341 |   NAN_INLINE v8::Local<v8::FunctionTemplate> NanNew(
      |                                              ^~~~~~
../node_modules/nan/nan.h:349:38: error: ‘Handle’ is not a member of ‘v8’; did you mean ‘JobHandle’?
  349 |   NAN_INLINE v8::Local<T> NanNew(v8::Handle<T> arg1) {
      |                                      ^~~~~~
      |                                      JobHandle
../node_modules/nan/nan.h:349:46: error: expected primary-expression before ‘>’ token
  349 |   NAN_INLINE v8::Local<T> NanNew(v8::Handle<T> arg1) {
      |                                              ^
../node_modules/nan/nan.h:349:48: error: ‘arg1’ was not declared in this scope
  349 |   NAN_INLINE v8::Local<T> NanNew(v8::Handle<T> arg1) {
      |                                                ^~~~
../node_modules/nan/nan.h:349:53: error: expected ‘;’ before ‘{’ token
  349 |   NAN_INLINE v8::Local<T> NanNew(v8::Handle<T> arg1) {
      |                                                     ^~
      |                                                     ;
../node_modules/nan/nan.h: In function ‘v8::Local<T> NanNew(P) [with T = v8::Date; P = double]’:
../node_modules/nan/nan.h:375:26: error: cannot convert ‘v8::Isolate*’ to ‘v8::Local<v8::Context>’
  375 |     return v8::Date::New(nan_isolate, time).As<v8::Date>();
      |                          ^~~~~~~~~~~
      |                          |
      |                          v8::Isolate*
In file included from /home/codespace/.cache/node-gyp/20.10.0/include/node/v8.h:28,
                 from ../src/bufferutil.cc:7:
/home/codespace/.cache/node-gyp/20.10.0/include/node/v8-date.h:21:69: note:   initializing argument 1 of ‘static v8::MaybeLocal<v8::Value> v8::Date::New(v8::Local<v8::Context>, double)’
   21 |   static V8_WARN_UNUSED_RESULT MaybeLocal<Value> New(Local<Context> context,
      |                                                      ~~~~~~~~~~~~~~~^~~~~~~
In file included from ../src/bufferutil.cc:15:
../node_modules/nan/nan.h:375:56: error: expected primary-expression before ‘>’ token
  375 |     return v8::Date::New(nan_isolate, time).As<v8::Date>();
      |                                                        ^
../node_modules/nan/nan.h:375:58: error: expected primary-expression before ‘)’ token
  375 |     return v8::Date::New(nan_isolate, time).As<v8::Date>();
      |                                                          ^
../node_modules/nan/nan.h: In function ‘v8::Local<T> NanNew(P) [with T = v8::Date; P = int]’:
../node_modules/nan/nan.h:380:26: error: cannot convert ‘v8::Isolate*’ to ‘v8::Local<v8::Context>’
  380 |     return v8::Date::New(nan_isolate, time).As<v8::Date>();
      |                          ^~~~~~~~~~~
      |                          |
      |                          v8::Isolate*
In file included from /home/codespace/.cache/node-gyp/20.10.0/include/node/v8.h:28,
                 from ../src/bufferutil.cc:7:
/home/codespace/.cache/node-gyp/20.10.0/include/node/v8-date.h:21:69: note:   initializing argument 1 of ‘static v8::MaybeLocal<v8::Value> v8::Date::New(v8::Local<v8::Context>, double)’
   21 |   static V8_WARN_UNUSED_RESULT MaybeLocal<Value> New(Local<Context> context,
      |                                                      ~~~~~~~~~~~~~~~^~~~~~~
In file included from ../src/bufferutil.cc:15:
../node_modules/nan/nan.h:380:56: error: expected primary-expression before ‘>’ token
  380 |     return v8::Date::New(nan_isolate, time).As<v8::Date>();
      |                                                        ^
../node_modules/nan/nan.h:380:58: error: expected primary-expression before ‘)’ token
  380 |     return v8::Date::New(nan_isolate, time).As<v8::Date>();
      |                                                          ^
../node_modules/nan/nan.h: In function ‘v8::Local<T> NanNew(P, const v8::ScriptOrigin&)’:
../node_modules/nan/nan.h:392:32: error: ‘CompileUnbound’ is not a member of ‘v8::ScriptCompiler’
  392 |     return v8::ScriptCompiler::CompileUnbound(nan_isolate, &source);
      |                                ^~~~~~~~~~~~~~
../node_modules/nan/nan.h: In function ‘v8::Local<T> NanNew(P) [with T = v8::UnboundScript; P = v8::Local<v8::String>]’:
../node_modules/nan/nan.h:400:32: error: ‘CompileUnbound’ is not a member of ‘v8::ScriptCompiler’
  400 |     return v8::ScriptCompiler::CompileUnbound(nan_isolate, &source);
      |                                ^~~~~~~~~~~~~~
../node_modules/nan/nan.h: In function ‘v8::Local<v8::String> NanNew(v8::String::ExternalStringResource*)’:
../node_modules/nan/nan.h:405:24: error: ‘NewExternal’ is not a member of ‘v8::String’
  405 |     return v8::String::NewExternal(nan_isolate, resource);
      |                        ^~~~~~~~~~~
../node_modules/nan/nan.h: At global scope:
../node_modules/nan/nan.h:409:19: warning: ‘always_inline’ attribute ignored [-Wattributes]
  409 |       v8::String::ExternalAsciiStringResource *resource) {
      |                   ^~~~~~~~~~~~~~~~~~~~~~~~~~~
../node_modules/nan/nan.h:409:19: error: ‘v8::Local<v8::String> NanNew’ redeclared as different kind of entity
../node_modules/nan/nan.h:403:36: note: previous declaration ‘v8::Local<v8::String> NanNew(v8::String::ExternalStringResource*)’
  403 |   NAN_INLINE v8::Local<v8::String> NanNew(
      |                                    ^~~~~~
../node_modules/nan/nan.h:409:19: error: ‘ExternalAsciiStringResource’ is not a member of ‘v8::String’
  409 |       v8::String::ExternalAsciiStringResource *resource) {
      |                   ^~~~~~~~~~~~~~~~~~~~~~~~~~~
../node_modules/nan/nan.h:409:48: error: ‘resource’ was not declared in this scope
  409 |       v8::String::ExternalAsciiStringResource *resource) {
      |                                                ^~~~~~~~
../node_modules/nan/nan.h: In function ‘v8::Local<T> NanNew(P) [with T = v8::BooleanObject; P = bool]’:
../node_modules/nan/nan.h:415:40: error: no matching function for call to ‘v8::BooleanObject::New(bool&)’
  415 |     return v8::BooleanObject::New(value).As<v8::BooleanObject>();
      |                                        ^
In file included from /home/codespace/.cache/node-gyp/20.10.0/include/node/v8.h:47,
                 from ../src/bufferutil.cc:7:
/home/codespace/.cache/node-gyp/20.10.0/include/node/v8-primitive-object.h:61:23: note: candidate: ‘static v8::Local<v8::Value> v8::BooleanObject::New(v8::Isolate*, bool)’
   61 |   static Local<Value> New(Isolate* isolate, bool value);
      |                       ^~~
/home/codespace/.cache/node-gyp/20.10.0/include/node/v8-primitive-object.h:61:23: note:   candidate expects 2 arguments, 1 provided
In file included from ../src/bufferutil.cc:15:
../node_modules/nan/nan.h:415:62: error: expected primary-expression before ‘>’ token
  415 |     return v8::BooleanObject::New(value).As<v8::BooleanObject>();
      |                                                              ^
../node_modules/nan/nan.h:415:64: error: expected primary-expression before ‘)’ token
  415 |     return v8::BooleanObject::New(value).As<v8::BooleanObject>();
      |                                                                ^
../node_modules/nan/nan.h: In function ‘v8::Local<T> NanNew(P) [with T = v8::StringObject; P = v8::Local<v8::String>]’:
../node_modules/nan/nan.h:422:39: error: no matching function for call to ‘v8::StringObject::New(v8::Local<v8::String>&)’
  422 |     return v8::StringObject::New(value).As<v8::StringObject>();
      |                                       ^
In file included from /home/codespace/.cache/node-gyp/20.10.0/include/node/v8.h:47,
                 from ../src/bufferutil.cc:7:
/home/codespace/.cache/node-gyp/20.10.0/include/node/v8-primitive-object.h:81:23: note: candidate: ‘static v8::Local<v8::Value> v8::StringObject::New(v8::Isolate*, v8::Local<v8::String>)’
   81 |   static Local<Value> New(Isolate* isolate, Local<String> value);
      |                       ^~~
/home/codespace/.cache/node-gyp/20.10.0/include/node/v8-primitive-object.h:81:23: note:   candidate expects 2 arguments, 1 provided
In file included from ../src/bufferutil.cc:15:
../node_modules/nan/nan.h:422:60: error: expected primary-expression before ‘>’ token
  422 |     return v8::StringObject::New(value).As<v8::StringObject>();
      |                                                            ^
../node_modules/nan/nan.h:422:62: error: expected primary-expression before ‘)’ token
  422 |     return v8::StringObject::New(value).As<v8::StringObject>();
      |                                                              ^
../node_modules/nan/nan.h: At global scope:
../node_modules/nan/nan.h:427:32: error: ‘Handle’ is not a member of ‘v8’; did you mean ‘JobHandle’?
  427 |   NanNew<v8::StringObject, v8::Handle<v8::String> >(
      |                                ^~~~~~
      |                                JobHandle
../node_modules/nan/nan.h:427:3: error: parse error in template argument list
  427 |   NanNew<v8::StringObject, v8::Handle<v8::String> >(
      |   ^~~~~~~~~~~~~~~~~~~~~~~~~~~~~~~~~~~~~~~~~~~~~~~
../node_modules/nan/nan.h:427:51: error: expected initializer before ‘>’ token
  427 |   NanNew<v8::StringObject, v8::Handle<v8::String> >(
      |                                                   ^
../node_modules/nan/nan.h:439:11: warning: ‘always_inline’ attribute ignored [-Wattributes]
  439 |       v8::Handle<v8::String> pattern, v8::RegExp::Flags flags) {
      |           ^~~~~~
../node_modules/nan/nan.h:439:11: error: ‘template<class T> v8::Local<v8::RegExp> NanNew’ redeclared as different kind of entity
../node_modules/nan/nan.h:403:36: note: previous declaration ‘v8::Local<v8::String> NanNew(v8::String::ExternalStringResource*)’
  403 |   NAN_INLINE v8::Local<v8::String> NanNew(
      |                                    ^~~~~~
../node_modules/nan/nan.h:439:11: error: ‘Handle’ is not a member of ‘v8’; did you mean ‘JobHandle’?
  439 |       v8::Handle<v8::String> pattern, v8::RegExp::Flags flags) {
      |           ^~~~~~
      |           JobHandle
../node_modules/nan/nan.h:439:28: error: expected primary-expression before ‘>’ token
  439 |       v8::Handle<v8::String> pattern, v8::RegExp::Flags flags) {
      |                            ^
../node_modules/nan/nan.h:439:30: error: ‘pattern’ was not declared in this scope
  439 |       v8::Handle<v8::String> pattern, v8::RegExp::Flags flags) {
      |                              ^~~~~~~
../node_modules/nan/nan.h:439:57: error: expected primary-expression before ‘flags’
  439 |       v8::Handle<v8::String> pattern, v8::RegExp::Flags flags) {
      |                                                         ^~~~~
../node_modules/nan/nan.h: In function ‘v8::Local<v8::RegExp> NanNew(v8::Local<v8::String>, v8::RegExp::Flags)’:
../node_modules/nan/nan.h:446:42: error: no matching function for call to ‘v8::RegExp::New(v8::Local<v8::String>&, v8::RegExp::Flags&)’
  446 |     return v8::RegExp::New(pattern, flags);
      |                                          ^
In file included from /home/codespace/.cache/node-gyp/20.10.0/include/node/v8.h:51,
                 from ../src/bufferutil.cc:7:
/home/codespace/.cache/node-gyp/20.10.0/include/node/v8-regexp.h:55:51: note: candidate: ‘static v8::MaybeLocal<v8::RegExp> v8::RegExp::New(v8::Local<v8::Context>, v8::Local<v8::String>, v8::RegExp::Flags)’
   55 |   static V8_WARN_UNUSED_RESULT MaybeLocal<RegExp> New(Local<Context> context,
      |                                                   ^~~
/home/codespace/.cache/node-gyp/20.10.0/include/node/v8-regexp.h:55:51: note:   candidate expects 3 arguments, 2 provided
In file included from ../src/bufferutil.cc:15:
../node_modules/nan/nan.h: At global scope:
../node_modules/nan/nan.h:451:11: warning: ‘always_inline’ attribute ignored [-Wattributes]
  451 |       v8::Handle<v8::String> pattern, v8::RegExp::Flags flags) {
      |           ^~~~~~
../node_modules/nan/nan.h:451:11: error: ‘template<class T, class P> v8::Local<v8::RegExp> NanNew’ redeclared as different kind of entity
../node_modules/nan/nan.h:403:36: note: previous declaration ‘v8::Local<v8::String> NanNew(v8::String::ExternalStringResource*)’
  403 |   NAN_INLINE v8::Local<v8::String> NanNew(
      |                                    ^~~~~~
../node_modules/nan/nan.h:451:11: error: ‘Handle’ is not a member of ‘v8’; did you mean ‘JobHandle’?
  451 |       v8::Handle<v8::String> pattern, v8::RegExp::Flags flags) {
      |           ^~~~~~
      |           JobHandle
../node_modules/nan/nan.h:451:28: error: expected primary-expression before ‘>’ token
  451 |       v8::Handle<v8::String> pattern, v8::RegExp::Flags flags) {
      |                            ^
../node_modules/nan/nan.h:451:30: error: ‘pattern’ was not declared in this scope
  451 |       v8::Handle<v8::String> pattern, v8::RegExp::Flags flags) {
      |                              ^~~~~~~
../node_modules/nan/nan.h:451:57: error: expected primary-expression before ‘flags’
  451 |       v8::Handle<v8::String> pattern, v8::RegExp::Flags flags) {
      |                                                         ^~~~~
../node_modules/nan/nan.h: In function ‘v8::Local<v8::RegExp> NanNew(v8::Local<v8::String>, v8::RegExp::Flags)’:
../node_modules/nan/nan.h:458:42: error: no matching function for call to ‘v8::RegExp::New(v8::Local<v8::String>&, v8::RegExp::Flags&)’
  458 |     return v8::RegExp::New(pattern, flags);
      |                                          ^
In file included from /home/codespace/.cache/node-gyp/20.10.0/include/node/v8.h:51,
                 from ../src/bufferutil.cc:7:
/home/codespace/.cache/node-gyp/20.10.0/include/node/v8-regexp.h:55:51: note: candidate: ‘static v8::MaybeLocal<v8::RegExp> v8::RegExp::New(v8::Local<v8::Context>, v8::Local<v8::String>, v8::RegExp::Flags)’
   55 |   static V8_WARN_UNUSED_RESULT MaybeLocal<RegExp> New(Local<Context> context,
      |                                                   ^~~
/home/codespace/.cache/node-gyp/20.10.0/include/node/v8-regexp.h:55:51: note:   candidate expects 3 arguments, 2 provided
In file included from ../src/bufferutil.cc:15:
../node_modules/nan/nan.h: In function ‘v8::Local<T> NanNew(P) [with T = v8::Uint32; P = int]’:
../node_modules/nan/nan.h:463:68: error: no matching function for call to ‘v8::Integer::ToUint32()’
  463 |     return v8::Uint32::NewFromUnsigned(nan_isolate, val)->ToUint32();
      |                                                                    ^
In file included from /home/codespace/.cache/node-gyp/20.10.0/include/node/v8-primitive.h:11,
                 from /home/codespace/.cache/node-gyp/20.10.0/include/node/v8-object.h:11,
                 from /home/codespace/.cache/node-gyp/20.10.0/include/node/v8-array-buffer.h:13,
                 from /home/codespace/.cache/node-gyp/20.10.0/include/node/v8.h:24,
                 from ../src/bufferutil.cc:7:
/home/codespace/.cache/node-gyp/20.10.0/include/node/v8-value.h:396:44: note: candidate: ‘v8::MaybeLocal<v8::Uint32> v8::Value::ToUint32(v8::Local<v8::Context>) const’
  396 |   V8_WARN_UNUSED_RESULT MaybeLocal<Uint32> ToUint32(
      |                                            ^~~~~~~~
/home/codespace/.cache/node-gyp/20.10.0/include/node/v8-value.h:396:44: note:   candidate expects 1 argument, 0 provided
In file included from ../src/bufferutil.cc:15:
../node_modules/nan/nan.h: In function ‘v8::Local<T> NanNew(P) [with T = v8::Uint32; P = unsigned int]’:
../node_modules/nan/nan.h:468:68: error: no matching function for call to ‘v8::Integer::ToUint32()’
  468 |     return v8::Uint32::NewFromUnsigned(nan_isolate, val)->ToUint32();
      |                                                                    ^
In file included from /home/codespace/.cache/node-gyp/20.10.0/include/node/v8-primitive.h:11,
                 from /home/codespace/.cache/node-gyp/20.10.0/include/node/v8-object.h:11,
                 from /home/codespace/.cache/node-gyp/20.10.0/include/node/v8-array-buffer.h:13,
                 from /home/codespace/.cache/node-gyp/20.10.0/include/node/v8.h:24,
                 from ../src/bufferutil.cc:7:
/home/codespace/.cache/node-gyp/20.10.0/include/node/v8-value.h:396:44: note: candidate: ‘v8::MaybeLocal<v8::Uint32> v8::Value::ToUint32(v8::Local<v8::Context>) const’
  396 |   V8_WARN_UNUSED_RESULT MaybeLocal<Uint32> ToUint32(
      |                                            ^~~~~~~~
/home/codespace/.cache/node-gyp/20.10.0/include/node/v8-value.h:396:44: note:   candidate expects 1 argument, 0 provided
In file included from ../src/bufferutil.cc:15:
../node_modules/nan/nan.h: In function ‘v8::Local<T> NanNew(P) [with T = v8::Int32; P = int]’:
../node_modules/nan/nan.h:473:54: error: no matching function for call to ‘v8::Integer::ToInt32()’
  473 |     return v8::Int32::New(nan_isolate, val)->ToInt32();
      |                                                      ^
In file included from /home/codespace/.cache/node-gyp/20.10.0/include/node/v8-primitive.h:11,
                 from /home/codespace/.cache/node-gyp/20.10.0/include/node/v8-object.h:11,
                 from /home/codespace/.cache/node-gyp/20.10.0/include/node/v8-array-buffer.h:13,
                 from /home/codespace/.cache/node-gyp/20.10.0/include/node/v8.h:24,
                 from ../src/bufferutil.cc:7:
/home/codespace/.cache/node-gyp/20.10.0/include/node/v8-value.h:403:43: note: candidate: ‘v8::MaybeLocal<v8::Int32> v8::Value::ToInt32(v8::Local<v8::Context>) const’
  403 |   V8_WARN_UNUSED_RESULT MaybeLocal<Int32> ToInt32(Local<Context> context) const;
      |                                           ^~~~~~~
/home/codespace/.cache/node-gyp/20.10.0/include/node/v8-value.h:403:43: note:   candidate expects 1 argument, 0 provided
In file included from ../src/bufferutil.cc:15:
../node_modules/nan/nan.h: In function ‘v8::Local<T> NanNew(P) [with T = v8::Int32; P = unsigned int]’:
../node_modules/nan/nan.h:478:54: error: no matching function for call to ‘v8::Integer::ToInt32()’
  478 |     return v8::Int32::New(nan_isolate, val)->ToInt32();
      |                                                      ^
In file included from /home/codespace/.cache/node-gyp/20.10.0/include/node/v8-primitive.h:11,
                 from /home/codespace/.cache/node-gyp/20.10.0/include/node/v8-object.h:11,
                 from /home/codespace/.cache/node-gyp/20.10.0/include/node/v8-array-buffer.h:13,
                 from /home/codespace/.cache/node-gyp/20.10.0/include/node/v8.h:24,
                 from ../src/bufferutil.cc:7:
/home/codespace/.cache/node-gyp/20.10.0/include/node/v8-value.h:403:43: note: candidate: ‘v8::MaybeLocal<v8::Int32> v8::Value::ToInt32(v8::Local<v8::Context>) const’
  403 |   V8_WARN_UNUSED_RESULT MaybeLocal<Int32> ToInt32(Local<Context> context) const;
      |                                           ^~~~~~~
/home/codespace/.cache/node-gyp/20.10.0/include/node/v8-value.h:403:43: note:   candidate expects 1 argument, 0 provided
In file included from ../src/bufferutil.cc:15:
../node_modules/nan/nan.h: In function ‘v8::Local<T> NanNew(P, int) [with T = v8::String; P = char*]’:
../node_modules/nan/nan.h:488:21: error: ‘kNormalString’ is not a member of ‘v8::String’
  488 |       , v8::String::kNormalString
      |                     ^~~~~~~~~~~~~
../node_modules/nan/nan.h: In function ‘v8::Local<T> NanNew(P, int) [with T = v8::String; P = const char*]’:
../node_modules/nan/nan.h:499:21: error: ‘kNormalString’ is not a member of ‘v8::String’
  499 |       , v8::String::kNormalString
      |                     ^~~~~~~~~~~~~
../node_modules/nan/nan.h: In function ‘v8::Local<T> NanNew(P) [with T = v8::String; P = char*]’:
../node_modules/nan/nan.h:505:35: error: could not convert ‘v8::String::NewFromUtf8(nan_isolate, ((const char*)arg), v8::NewStringType::kNormal, -1)’ from ‘v8::MaybeLocal<v8::String>’ to ‘v8::Local<v8::String>’
  505 |     return v8::String::NewFromUtf8(nan_isolate, arg);
      |            ~~~~~~~~~~~~~~~~~~~~~~~^~~~~~~~~~~~~~~~~~
      |                                   |
      |                                   v8::MaybeLocal<v8::String>
../node_modules/nan/nan.h: In function ‘v8::Local<T> NanNew(P) [with T = v8::String; P = const char*]’:
../node_modules/nan/nan.h:511:35: error: could not convert ‘v8::String::NewFromUtf8(nan_isolate, arg, v8::NewStringType::kNormal, -1)’ from ‘v8::MaybeLocal<v8::String>’ to ‘v8::Local<v8::String>’
  511 |     return v8::String::NewFromUtf8(nan_isolate, arg);
      |            ~~~~~~~~~~~~~~~~~~~~~~~^~~~~~~~~~~~~~~~~~
      |                                   |
      |                                   v8::MaybeLocal<v8::String>
../node_modules/nan/nan.h: In function ‘v8::Local<T> NanNew(P, int) [with T = v8::String; P = unsigned char*]’:
../node_modules/nan/nan.h:521:21: error: ‘kNormalString’ is not a member of ‘v8::String’
  521 |       , v8::String::kNormalString
      |                     ^~~~~~~~~~~~~
../node_modules/nan/nan.h: In function ‘v8::Local<T> NanNew(P, int) [with T = v8::String; P = const unsigned char*]’:
../node_modules/nan/nan.h:532:21: error: ‘kNormalString’ is not a member of ‘v8::String’
  532 |       , v8::String::kNormalString
      |                     ^~~~~~~~~~~~~
../node_modules/nan/nan.h: In function ‘v8::Local<T> NanNew(P) [with T = v8::String; P = unsigned char*]’:
../node_modules/nan/nan.h:538:38: error: could not convert ‘v8::String::NewFromOneByte(nan_isolate, ((const uint8_t*)arg), v8::NewStringType::kNormal, -1)’ from ‘v8::MaybeLocal<v8::String>’ to ‘v8::Local<v8::String>’
  538 |     return v8::String::NewFromOneByte(nan_isolate, arg);
      |            ~~~~~~~~~~~~~~~~~~~~~~~~~~^~~~~~~~~~~~~~~~~~
      |                                      |
      |                                      v8::MaybeLocal<v8::String>
../node_modules/nan/nan.h: In function ‘v8::Local<T> NanNew(P) [with T = v8::String; P = const unsigned char*]’:
../node_modules/nan/nan.h:544:38: error: could not convert ‘v8::String::NewFromOneByte(nan_isolate, arg, v8::NewStringType::kNormal, -1)’ from ‘v8::MaybeLocal<v8::String>’ to ‘v8::Local<v8::String>’
  544 |     return v8::String::NewFromOneByte(nan_isolate, arg);
      |            ~~~~~~~~~~~~~~~~~~~~~~~~~~^~~~~~~~~~~~~~~~~~
      |                                      |
      |                                      v8::MaybeLocal<v8::String>
../node_modules/nan/nan.h: In function ‘v8::Local<T> NanNew(P, int) [with T = v8::String; P = short unsigned int*]’:
../node_modules/nan/nan.h:554:21: error: ‘kNormalString’ is not a member of ‘v8::String’
  554 |       , v8::String::kNormalString
      |                     ^~~~~~~~~~~~~
../node_modules/nan/nan.h: In function ‘v8::Local<T> NanNew(P, int) [with T = v8::String; P = const short unsigned int*]’:
../node_modules/nan/nan.h:565:21: error: ‘kNormalString’ is not a member of ‘v8::String’
  565 |       , v8::String::kNormalString
      |                     ^~~~~~~~~~~~~
../node_modules/nan/nan.h: In function ‘v8::Local<T> NanNew(P) [with T = v8::String; P = short unsigned int*]’:
../node_modules/nan/nan.h:571:38: error: could not convert ‘v8::String::NewFromTwoByte(nan_isolate, ((const uint16_t*)arg), v8::NewStringType::kNormal, -1)’ from ‘v8::MaybeLocal<v8::String>’ to ‘v8::Local<v8::String>’
  571 |     return v8::String::NewFromTwoByte(nan_isolate, arg);
      |            ~~~~~~~~~~~~~~~~~~~~~~~~~~^~~~~~~~~~~~~~~~~~
      |                                      |
      |                                      v8::MaybeLocal<v8::String>
../node_modules/nan/nan.h: In function ‘v8::Local<T> NanNew(P) [with T = v8::String; P = const short unsigned int*]’:
../node_modules/nan/nan.h:577:38: error: could not convert ‘v8::String::NewFromTwoByte(nan_isolate, arg, v8::NewStringType::kNormal, -1)’ from ‘v8::MaybeLocal<v8::String>’ to ‘v8::Local<v8::String>’
  577 |     return v8::String::NewFromTwoByte(nan_isolate, arg);
      |            ~~~~~~~~~~~~~~~~~~~~~~~~~~^~~~~~~~~~~~~~~~~~
      |                                      |
      |                                      v8::MaybeLocal<v8::String>
../node_modules/nan/nan.h: At global scope:
../node_modules/nan/nan.h:586:20: error: variable or field ‘NanAddGCEpilogueCallback’ declared void
  586 |       v8::Isolate::GCEpilogueCallback callback
      |                    ^~~~~~~~~~~~~~~~~~
../node_modules/nan/nan.h:586:20: error: ‘GCEpilogueCallback’ is not a member of ‘v8::Isolate’
../node_modules/nan/nan.h:587:18: error: expected primary-expression before ‘gc_type_filter’
  587 |     , v8::GCType gc_type_filter = v8::kGCTypeAll) {
      |                  ^~~~~~~~~~~~~~
../node_modules/nan/nan.h:592:20: error: variable or field ‘NanRemoveGCEpilogueCallback’ declared void
  592 |       v8::Isolate::GCEpilogueCallback callback) {
      |                    ^~~~~~~~~~~~~~~~~~
../node_modules/nan/nan.h:592:20: error: ‘GCEpilogueCallback’ is not a member of ‘v8::Isolate’
../node_modules/nan/nan.h:597:20: error: variable or field ‘NanAddGCPrologueCallback’ declared void
  597 |       v8::Isolate::GCPrologueCallback callback
      |                    ^~~~~~~~~~~~~~~~~~
../node_modules/nan/nan.h:597:20: error: ‘GCPrologueCallback’ is not a member of ‘v8::Isolate’
../node_modules/nan/nan.h:598:18: error: expected primary-expression before ‘gc_type_filter’
  598 |     , v8::GCType gc_type_filter = v8::kGCTypeAll) {
      |                  ^~~~~~~~~~~~~~
../node_modules/nan/nan.h:603:20: error: variable or field ‘NanRemoveGCPrologueCallback’ declared void
  603 |       v8::Isolate::GCPrologueCallback callback) {
      |                    ^~~~~~~~~~~~~~~~~~
../node_modules/nan/nan.h:603:20: error: ‘GCPrologueCallback’ is not a member of ‘v8::Isolate’
../node_modules/nan/nan.h:617:7: error: ‘v8::Handle’ has not been declared
  617 |     , v8::Handle<T> obj) {
      |       ^~
../node_modules/nan/nan.h:617:17: error: expected ‘,’ or ‘...’ before ‘<’ token
  617 |     , v8::Handle<T> obj) {
      |                 ^
../node_modules/nan/nan.h: In function ‘void NanAssignPersistent(v8::Persistent<T, v8::NonCopyablePersistentTraits<T> >&, int)’:
../node_modules/nan/nan.h:618:33: error: ‘obj’ was not declared in this scope
  618 |       handle.Reset(nan_isolate, obj);
      |                                 ^~~
../node_modules/nan/nan.h: At global scope:
../node_modules/nan/nan.h:631:17: error: ‘WeakCallbackData’ in namespace ‘v8’ does not name a template type; did you mean ‘WeakCallbackType’?
  631 |       const v8::WeakCallbackData<T, _NanWeakCallbackInfo<T, P> >& data);
      |                 ^~~~~~~~~~~~~~~~
      |                 WeakCallbackType
../node_modules/nan/nan.h:631:33: error: expected ‘,’ or ‘...’ before ‘<’ token
  631 |       const v8::WeakCallbackData<T, _NanWeakCallbackInfo<T, P> >& data);
      |                                 ^
../node_modules/nan/nan.h:632:36: error: expected ‘)’ before ‘<’ token
  632 |     _NanWeakCallbackInfo(v8::Handle<T> handle, P* param, Callback cb)
      |                         ~          ^
      |                                    )
../node_modules/nan/nan.h:696:9: error: variable or field ‘NanMakeWeakPersistent’ declared void
  696 |     v8::Handle<T> handle
      |         ^~~~~~
../node_modules/nan/nan.h:696:9: error: ‘Handle’ is not a member of ‘v8’; did you mean ‘JobHandle’?
  696 |     v8::Handle<T> handle
      |         ^~~~~~
      |         JobHandle
../node_modules/nan/nan.h:696:17: error: expected primary-expression before ‘>’ token
  696 |     v8::Handle<T> handle
      |                 ^
../node_modules/nan/nan.h:696:19: error: ‘handle’ was not declared in this scope
  696 |     v8::Handle<T> handle
      |                   ^~~~~~
../node_modules/nan/nan.h:697:6: error: expected primary-expression before ‘*’ token
  697 |   , P* parameter
      |      ^
../node_modules/nan/nan.h:697:8: error: ‘parameter’ was not declared in this scope
  697 |   , P* parameter
      |        ^~~~~~~~~
../node_modules/nan/nan.h:698:51: error: expected ‘(’ before ‘callback’
  698 |   , typename _NanWeakCallbackInfo<T, P>::Callback callback) {
      |                                                   ^~~~~~~~
      |                                                   (
../node_modules/nan/nan.h:720:37: error: variable or field ‘NanThrowError’ declared void
  720 |   NAN_INLINE void NanThrowError(v8::Handle<v8::Value> error) {
      |                                     ^~~~~~
../node_modules/nan/nan.h:720:37: error: ‘Handle’ is not a member of ‘v8’; did you mean ‘JobHandle’?
  720 |   NAN_INLINE void NanThrowError(v8::Handle<v8::Value> error) {
      |                                     ^~~~~~
      |                                     JobHandle
../node_modules/nan/nan.h:720:53: error: expected primary-expression before ‘>’ token
  720 |   NAN_INLINE void NanThrowError(v8::Handle<v8::Value> error) {
      |                                                     ^
../node_modules/nan/nan.h:720:55: error: ‘error’ was not declared in this scope; did you mean ‘herror’?
  720 |   NAN_INLINE void NanThrowError(v8::Handle<v8::Value> error) {
      |                                                       ^~~~~
      |                                                       herror
../node_modules/nan/nan.h: In function ‘v8::Local<v8::Value> NanError(const char*, int)’:
../node_modules/nan/nan.h:731:65: error: no matching function for call to ‘v8::Object::Set(v8::Local<v8::String>, v8::Local<v8::Integer>)’
  731 |     obj->Set(NanSymbol("code"), NanNew<v8::Integer>(errorNumber));
      |                                                                 ^
In file included from /home/codespace/.cache/node-gyp/20.10.0/include/node/v8-array-buffer.h:13,
                 from /home/codespace/.cache/node-gyp/20.10.0/include/node/v8.h:24,
                 from ../src/bufferutil.cc:7:
/home/codespace/.cache/node-gyp/20.10.0/include/node/v8-object.h:246:37: note: candidate: ‘v8::Maybe<bool> v8::Object::Set(v8::Local<v8::Context>, v8::Local<v8::Value>, v8::Local<v8::Value>)’
  246 |   V8_WARN_UNUSED_RESULT Maybe<bool> Set(Local<Context> context,
      |                                     ^~~
/home/codespace/.cache/node-gyp/20.10.0/include/node/v8-object.h:246:37: note:   candidate expects 3 arguments, 2 provided
/home/codespace/.cache/node-gyp/20.10.0/include/node/v8-object.h:249:37: note: candidate: ‘v8::Maybe<bool> v8::Object::Set(v8::Local<v8::Context>, uint32_t, v8::Local<v8::Value>)’
  249 |   V8_WARN_UNUSED_RESULT Maybe<bool> Set(Local<Context> context, uint32_t index,
      |                                     ^~~
/home/codespace/.cache/node-gyp/20.10.0/include/node/v8-object.h:249:37: note:   candidate expects 3 arguments, 2 provided
In file included from ../src/bufferutil.cc:15:
../node_modules/nan/nan.h: In function ‘void NanThrowError(const char*, int)’:
../node_modules/nan/nan.h:739:45: error: no matching function for call to ‘NanThrowError(v8::Local<v8::Value>)’
  739 |     NanThrowError(NanError(msg, errorNumber));
      |                                             ^
../node_modules/nan/nan.h:716:19: note: candidate: ‘void NanThrowError(const char*)’
  716 |   NAN_INLINE void NanThrowError(const char* errmsg) {
      |                   ^~~~~~~~~~~~~
../node_modules/nan/nan.h:716:45: note:   no known conversion for argument 1 from ‘v8::Local<v8::Value>’ to ‘const char*’
  716 |   NAN_INLINE void NanThrowError(const char* errmsg) {
      |                                 ~~~~~~~~~~~~^~~~~~
../node_modules/nan/nan.h:735:19: note: candidate: ‘void NanThrowError(const char*, int)’
  735 |   NAN_INLINE void NanThrowError(
      |                   ^~~~~~~~~~~~~
../node_modules/nan/nan.h:735:19: note:   candidate expects 2 arguments, 1 provided
../node_modules/nan/nan.h: At global scope:
../node_modules/nan/nan.h:767:13: error: ‘node::smalloc’ has not been declared
  767 |     , node::smalloc::FreeCallback callback
      |             ^~~~~~~
../node_modules/nan/nan.h: In function ‘v8::Local<v8::Object> NanNewBufferHandle(char*, size_t, int, void*)’:
../node_modules/nan/nan.h:770:57: error: invalid conversion from ‘int’ to ‘node::Buffer::FreeCallback’ {aka ‘void (*)(char*, void*)’} [-fpermissive]
  770 |     return node::Buffer::New(nan_isolate, data, length, callback, hint);
      |                                                         ^~~~~~~~
      |                                                         |
      |                                                         int
In file included from ../src/bufferutil.cc:9:
/home/codespace/.cache/node-gyp/20.10.0/include/node/node_buffer.h:60:57: note:   initializing argument 4 of ‘v8::MaybeLocal<v8::Object> node::Buffer::New(v8::Isolate*, char*, size_t, node::Buffer::FreeCallback, void*)’
   60 |                                            FreeCallback callback,
      |                                            ~~~~~~~~~~~~~^~~~~~~~
In file included from ../src/bufferutil.cc:15:
../node_modules/nan/nan.h:770:29: error: could not convert ‘node::Buffer::New(nan_isolate, data, length, ((node::Buffer::FreeCallback)((long int)callback)), hint)’ from ‘v8::MaybeLocal<v8::Object>’ to ‘v8::Local<v8::Object>’
  770 |     return node::Buffer::New(nan_isolate, data, length, callback, hint);
      |            ~~~~~~~~~~~~~~~~~^~~~~~~~~~~~~~~~~~~~~~~~~~~~~~~~~~~~~~~~~~~
      |                             |
      |                             v8::MaybeLocal<v8::Object>
../node_modules/nan/nan.h: In function ‘v8::Local<v8::Object> NanNewBufferHandle(const char*, uint32_t)’:
../node_modules/nan/nan.h:777:43: error: invalid conversion from ‘const char*’ to ‘char*’ [-fpermissive]
  777 |     return node::Buffer::New(nan_isolate, data, size);
      |                                           ^~~~
      |                                           |
      |                                           const char*
In file included from ../src/bufferutil.cc:9:
/home/codespace/.cache/node-gyp/20.10.0/include/node/node_buffer.h:65:50: note:   initializing argument 2 of ‘v8::MaybeLocal<v8::Object> node::Buffer::New(v8::Isolate*, char*, size_t)’
   65 |                                            char* data,
      |                                            ~~~~~~^~~~
In file included from ../src/bufferutil.cc:15:
../node_modules/nan/nan.h:777:29: error: could not convert ‘node::Buffer::New(nan_isolate, ((char*)data), ((size_t)size))’ from ‘v8::MaybeLocal<v8::Object>’ to ‘v8::Local<v8::Object>’
  777 |     return node::Buffer::New(nan_isolate, data, size);
      |            ~~~~~~~~~~~~~~~~~^~~~~~~~~~~~~~~~~~~~~~~~~
      |                             |
      |                             v8::MaybeLocal<v8::Object>
../node_modules/nan/nan.h: In function ‘v8::Local<v8::Object> NanNewBufferHandle(uint32_t)’:
../node_modules/nan/nan.h:781:29: error: could not convert ‘node::Buffer::New(nan_isolate, ((size_t)size))’ from ‘v8::MaybeLocal<v8::Object>’ to ‘v8::Local<v8::Object>’
  781 |     return node::Buffer::New(nan_isolate, size);
      |            ~~~~~~~~~~~~~~~~~^~~~~~~~~~~~~~~~~~~
      |                             |
      |                             v8::MaybeLocal<v8::Object>
../node_modules/nan/nan.h: In function ‘v8::Local<v8::Object> NanBufferUse(char*, uint32_t)’:
../node_modules/nan/nan.h:788:26: error: ‘Use’ is not a member of ‘node::Buffer’
  788 |     return node::Buffer::Use(nan_isolate, data, size);
      |                          ^~~
../node_modules/nan/nan.h: At global scope:
../node_modules/nan/nan.h:793:7: error: ‘v8::Handle’ has not been declared
  793 |     , v8::Handle<v8::Value> value
      |       ^~
../node_modules/nan/nan.h:793:17: error: expected ‘,’ or ‘...’ before ‘<’ token
  793 |     , v8::Handle<v8::Value> value
      |                 ^
../node_modules/nan/nan.h: In function ‘bool NanHasInstance(v8::Persistent<v8::FunctionTemplate>&, int)’:
../node_modules/nan/nan.h:795:51: error: ‘value’ was not declared in this scope
  795 |     return NanNew(function_template)->HasInstance(value);
      |                                                   ^~~~~
../node_modules/nan/nan.h: At global scope:
../node_modules/nan/nan.h:800:7: error: ‘v8::Handle’ has not been declared
  800 |     , v8::Handle<v8::ObjectTemplate> tmpl = v8::Handle<v8::ObjectTemplate>()
      |       ^~
../node_modules/nan/nan.h:800:17: error: expected ‘,’ or ‘...’ before ‘<’ token
  800 |     , v8::Handle<v8::ObjectTemplate> tmpl = v8::Handle<v8::ObjectTemplate>()
      |                 ^
../node_modules/nan/nan.h:800:7: error: default argument missing for parameter 2 of ‘v8::Local<v8::Context> NanNewContextHandle(v8::ExtensionConfiguration*, int)’
  800 |     , v8::Handle<v8::ObjectTemplate> tmpl = v8::Handle<v8::ObjectTemplate>()
      |       ^~~~~~~~~~
../node_modules/nan/nan.h:799:35: note: ...following parameter 1 which has a default argument
  799 |       v8::ExtensionConfiguration* extensions = NULL
      |                                   ^
../node_modules/nan/nan.h: In function ‘v8::Local<v8::Context> NanNewContextHandle(v8::ExtensionConfiguration*, int)’:
../node_modules/nan/nan.h:805:51: error: ‘tmpl’ was not declared in this scope
  805 |       , v8::Context::New(nan_isolate, extensions, tmpl, obj)
      |                                                   ^~~~
../node_modules/nan/nan.h:805:57: error: ‘obj’ was not declared in this scope
  805 |       , v8::Context::New(nan_isolate, extensions, tmpl, obj)
      |                                                         ^~~
../node_modules/nan/nan.h: In function ‘v8::Local<v8::Script> NanCompileScript(v8::Local<v8::String>, const v8::ScriptOrigin&)’:
../node_modules/nan/nan.h:814:60: error: no matching function for call to ‘v8::ScriptCompiler::Compile(v8::Isolate*&, v8::ScriptCompiler::Source*)’
  814 |     return v8::ScriptCompiler::Compile(nan_isolate, &source);
      |                                                            ^
In file included from /home/codespace/.cache/node-gyp/20.10.0/include/node/v8-debug.h:10,
                 from /home/codespace/.cache/node-gyp/20.10.0/include/node/v8.h:29,
                 from ../src/bufferutil.cc:7:
/home/codespace/.cache/node-gyp/20.10.0/include/node/v8-script.h:633:51: note: candidate: ‘static v8::MaybeLocal<v8::Script> v8::ScriptCompiler::Compile(v8::Local<v8::Context>, v8::ScriptCompiler::Source*, v8::ScriptCompiler::CompileOptions, v8::ScriptCompiler::NoCacheReason)’
  633 |   static V8_WARN_UNUSED_RESULT MaybeLocal<Script> Compile(
      |                                                   ^~~~~~~
/home/codespace/.cache/node-gyp/20.10.0/include/node/v8-script.h:634:22: note:   no known conversion for argument 1 from ‘v8::Isolate*’ to ‘v8::Local<v8::Context>’
  634 |       Local<Context> context, Source* source,
      |       ~~~~~~~~~~~~~~~^~~~~~~
/home/codespace/.cache/node-gyp/20.10.0/include/node/v8-script.h:664:51: note: candidate: ‘static v8::MaybeLocal<v8::Script> v8::ScriptCompiler::Compile(v8::Local<v8::Context>, v8::ScriptCompiler::StreamedSource*, v8::Local<v8::String>, const v8::ScriptOrigin&)’
  664 |   static V8_WARN_UNUSED_RESULT MaybeLocal<Script> Compile(
      |                                                   ^~~~~~~
/home/codespace/.cache/node-gyp/20.10.0/include/node/v8-script.h:664:51: note:   candidate expects 4 arguments, 2 provided
In file included from ../src/bufferutil.cc:15:
../node_modules/nan/nan.h: In function ‘v8::Local<v8::Script> NanCompileScript(v8::Local<v8::String>)’:
../node_modules/nan/nan.h:821:60: error: no matching function for call to ‘v8::ScriptCompiler::Compile(v8::Isolate*&, v8::ScriptCompiler::Source*)’
  821 |     return v8::ScriptCompiler::Compile(nan_isolate, &source);
      |                                                            ^
In file included from /home/codespace/.cache/node-gyp/20.10.0/include/node/v8-debug.h:10,
                 from /home/codespace/.cache/node-gyp/20.10.0/include/node/v8.h:29,
                 from ../src/bufferutil.cc:7:
/home/codespace/.cache/node-gyp/20.10.0/include/node/v8-script.h:633:51: note: candidate: ‘static v8::MaybeLocal<v8::Script> v8::ScriptCompiler::Compile(v8::Local<v8::Context>, v8::ScriptCompiler::Source*, v8::ScriptCompiler::CompileOptions, v8::ScriptCompiler::NoCacheReason)’
  633 |   static V8_WARN_UNUSED_RESULT MaybeLocal<Script> Compile(
      |                                                   ^~~~~~~
/home/codespace/.cache/node-gyp/20.10.0/include/node/v8-script.h:634:22: note:   no known conversion for argument 1 from ‘v8::Isolate*’ to ‘v8::Local<v8::Context>’
  634 |       Local<Context> context, Source* source,
      |       ~~~~~~~~~~~~~~~^~~~~~~
/home/codespace/.cache/node-gyp/20.10.0/include/node/v8-script.h:664:51: note: candidate: ‘static v8::MaybeLocal<v8::Script> v8::ScriptCompiler::Compile(v8::Local<v8::Context>, v8::ScriptCompiler::StreamedSource*, v8::Local<v8::String>, const v8::ScriptOrigin&)’
  664 |   static V8_WARN_UNUSED_RESULT MaybeLocal<Script> Compile(
      |                                                   ^~~~~~~
/home/codespace/.cache/node-gyp/20.10.0/include/node/v8-script.h:664:51: note:   candidate expects 4 arguments, 2 provided
In file included from ../src/bufferutil.cc:15:
../node_modules/nan/nan.h: In function ‘v8::Local<v8::Value> NanRunScript(v8::Local<v8::UnboundScript>)’:
../node_modules/nan/nan.h:827:48: error: no matching function for call to ‘v8::Script::Run()’
  827 |     return script->BindToCurrentContext()->Run();
      |                                                ^
In file included from /home/codespace/.cache/node-gyp/20.10.0/include/node/v8-debug.h:10,
                 from /home/codespace/.cache/node-gyp/20.10.0/include/node/v8.h:29,
                 from ../src/bufferutil.cc:7:
/home/codespace/.cache/node-gyp/20.10.0/include/node/v8-script.h:336:43: note: candidate: ‘v8::MaybeLocal<v8::Value> v8::Script::Run(v8::Local<v8::Context>)’
  336 |   V8_WARN_UNUSED_RESULT MaybeLocal<Value> Run(Local<Context> context);
      |                                           ^~~
/home/codespace/.cache/node-gyp/20.10.0/include/node/v8-script.h:336:43: note:   candidate expects 1 argument, 0 provided
/home/codespace/.cache/node-gyp/20.10.0/include/node/v8-script.h:337:43: note: candidate: ‘v8::MaybeLocal<v8::Value> v8::Script::Run(v8::Local<v8::Context>, v8::Local<v8::Data>)’
  337 |   V8_WARN_UNUSED_RESULT MaybeLocal<Value> Run(Local<Context> context,
      |                                           ^~~
/home/codespace/.cache/node-gyp/20.10.0/include/node/v8-script.h:337:43: note:   candidate expects 2 arguments, 0 provided
In file included from ../src/bufferutil.cc:15:
../node_modules/nan/nan.h: In function ‘v8::Local<v8::Value> NanRunScript(v8::Local<v8::Script>)’:
../node_modules/nan/nan.h:833:24: error: no matching function for call to ‘v8::Script::Run()’
  833 |     return script->Run();
      |                        ^
In file included from /home/codespace/.cache/node-gyp/20.10.0/include/node/v8-debug.h:10,
                 from /home/codespace/.cache/node-gyp/20.10.0/include/node/v8.h:29,
                 from ../src/bufferutil.cc:7:
/home/codespace/.cache/node-gyp/20.10.0/include/node/v8-script.h:336:43: note: candidate: ‘v8::MaybeLocal<v8::Value> v8::Script::Run(v8::Local<v8::Context>)’
  336 |   V8_WARN_UNUSED_RESULT MaybeLocal<Value> Run(Local<Context> context);
      |                                           ^~~
/home/codespace/.cache/node-gyp/20.10.0/include/node/v8-script.h:336:43: note:   candidate expects 1 argument, 0 provided
/home/codespace/.cache/node-gyp/20.10.0/include/node/v8-script.h:337:43: note: candidate: ‘v8::MaybeLocal<v8::Value> v8::Script::Run(v8::Local<v8::Context>, v8::Local<v8::Data>)’
  337 |   V8_WARN_UNUSED_RESULT MaybeLocal<Value> Run(Local<Context> context,
      |                                           ^~~
/home/codespace/.cache/node-gyp/20.10.0/include/node/v8-script.h:337:43: note:   candidate expects 2 arguments, 0 provided
In file included from ../src/bufferutil.cc:15:
../node_modules/nan/nan.h: At global scope:
../node_modules/nan/nan.h:1443:34: error: ‘Handle’ in namespace ‘v8’ does not name a template type; did you mean ‘JobHandle’?
 1443 |   explicit NanCallback(const v8::Handle<v8::Function> &fn) {
      |                                  ^~~~~~
      |                                  JobHandle
../node_modules/nan/nan.h:1443:40: error: expected ‘,’ or ‘...’ before ‘<’ token
 1443 |   explicit NanCallback(const v8::Handle<v8::Function> &fn) {
      |                                        ^
../node_modules/nan/nan.h:1455:41: error: ‘Handle’ in namespace ‘v8’ does not name a template type; did you mean ‘JobHandle’?
 1455 |   NAN_INLINE void SetFunction(const v8::Handle<v8::Function> &fn) {
      |                                         ^~~~~~
      |                                         JobHandle
../node_modules/nan/nan.h:1455:47: error: expected ‘,’ or ‘...’ before ‘<’ token
 1455 |   NAN_INLINE void SetFunction(const v8::Handle<v8::Function> &fn) {
      |                                               ^
../node_modules/nan/nan.h:1465:23: error: ‘v8::Handle’ has not been declared
 1465 |   void Call(int argc, v8::Handle<v8::Value> argv[]) {
      |                       ^~
../node_modules/nan/nan.h:1465:33: error: expected ‘,’ or ‘...’ before ‘<’ token
 1465 |   void Call(int argc, v8::Handle<v8::Value> argv[]) {
      |                                 ^
../node_modules/nan/nan.h: In constructor ‘NanCallback::NanCallback()’:
../node_modules/nan/nan.h:1440:36: error: no matching function for call to ‘NanAssignPersistent(v8::Persistent<v8::Object>&, v8::Local<v8::Object>&)’
 1440 |     NanAssignPersistent(handle, obj);
      |                                    ^
../node_modules/nan/nan.h:615:19: note: candidate: ‘template<class T> void NanAssignPersistent(v8::Persistent<T, v8::NonCopyablePersistentTraits<T> >&, int)’
  615 |   NAN_INLINE void NanAssignPersistent(
      |                   ^~~~~~~~~~~~~~~~~~~
../node_modules/nan/nan.h:615:19: note:   template argument deduction/substitution failed:
../node_modules/nan/nan.h:1440:33: note:   cannot convert ‘obj’ (type ‘v8::Local<v8::Object>’) to type ‘int’
 1440 |     NanAssignPersistent(handle, obj);
      |                                 ^~~
../node_modules/nan/nan.h:622:19: note: candidate: ‘template<class T> void NanAssignPersistent(v8::Persistent<T, v8::NonCopyablePersistentTraits<T> >&, const v8::Persistent<T, v8::NonCopyablePersistentTraits<T> >&)’
  622 |   NAN_INLINE void NanAssignPersistent(
      |                   ^~~~~~~~~~~~~~~~~~~
../node_modules/nan/nan.h:622:19: note:   template argument deduction/substitution failed:
../node_modules/nan/nan.h:1440:36: note:   ‘v8::Local<v8::Object>’ is not derived from ‘const v8::Persistent<T, v8::NonCopyablePersistentTraits<T> >’
 1440 |     NanAssignPersistent(handle, obj);
      |                                    ^
../node_modules/nan/nan.h: In constructor ‘NanCallback::NanCallback(int)’:
../node_modules/nan/nan.h:1446:36: error: no matching function for call to ‘NanAssignPersistent(v8::Persistent<v8::Object>&, v8::Local<v8::Object>&)’
 1446 |     NanAssignPersistent(handle, obj);
      |                                    ^
../node_modules/nan/nan.h:615:19: note: candidate: ‘template<class T> void NanAssignPersistent(v8::Persistent<T, v8::NonCopyablePersistentTraits<T> >&, int)’
  615 |   NAN_INLINE void NanAssignPersistent(
      |                   ^~~~~~~~~~~~~~~~~~~
../node_modules/nan/nan.h:615:19: note:   template argument deduction/substitution failed:
../node_modules/nan/nan.h:1446:33: note:   cannot convert ‘obj’ (type ‘v8::Local<v8::Object>’) to type ‘int’
 1446 |     NanAssignPersistent(handle, obj);
      |                                 ^~~
../node_modules/nan/nan.h:622:19: note: candidate: ‘template<class T> void NanAssignPersistent(v8::Persistent<T, v8::NonCopyablePersistentTraits<T> >&, const v8::Persistent<T, v8::NonCopyablePersistentTraits<T> >&)’
  622 |   NAN_INLINE void NanAssignPersistent(
      |                   ^~~~~~~~~~~~~~~~~~~
../node_modules/nan/nan.h:622:19: note:   template argument deduction/substitution failed:
../node_modules/nan/nan.h:1446:36: note:   ‘v8::Local<v8::Object>’ is not derived from ‘const v8::Persistent<T, v8::NonCopyablePersistentTraits<T> >’
 1446 |     NanAssignPersistent(handle, obj);
      |                                    ^
../node_modules/nan/nan.h:1447:17: error: ‘fn’ was not declared in this scope; did you mean ‘yn’?
 1447 |     SetFunction(fn);
      |                 ^~
      |                 yn
../node_modules/nan/nan.h: In member function ‘void NanCallback::SetFunction(int)’:
../node_modules/nan/nan.h:1457:48: error: ‘fn’ was not declared in this scope; did you mean ‘yn’?
 1457 |     NanNew(handle)->Set(NanSymbol("callback"), fn);
      |                                                ^~
      |                                                yn
../node_modules/nan/nan.h: In member function ‘v8::Local<v8::Function> NanCallback::GetFunction()’:
../node_modules/nan/nan.h:1461:53: error: no matching function for call to ‘v8::Object::Get(v8::Local<v8::String>)’
 1461 |     return NanNew(handle)->Get(NanSymbol("callback"))
      |                                                     ^
In file included from /home/codespace/.cache/node-gyp/20.10.0/include/node/v8-array-buffer.h:13,
                 from /home/codespace/.cache/node-gyp/20.10.0/include/node/v8.h:24,
                 from ../src/bufferutil.cc:7:
/home/codespace/.cache/node-gyp/20.10.0/include/node/v8-object.h:292:43: note: candidate: ‘v8::MaybeLocal<v8::Value> v8::Object::Get(v8::Local<v8::Context>, v8::Local<v8::Value>)’
  292 |   V8_WARN_UNUSED_RESULT MaybeLocal<Value> Get(Local<Context> context,
      |                                           ^~~
/home/codespace/.cache/node-gyp/20.10.0/include/node/v8-object.h:292:43: note:   candidate expects 2 arguments, 1 provided
/home/codespace/.cache/node-gyp/20.10.0/include/node/v8-object.h:295:43: note: candidate: ‘v8::MaybeLocal<v8::Value> v8::Object::Get(v8::Local<v8::Context>, uint32_t)’
  295 |   V8_WARN_UNUSED_RESULT MaybeLocal<Value> Get(Local<Context> context,
      |                                           ^~~
/home/codespace/.cache/node-gyp/20.10.0/include/node/v8-object.h:295:43: note:   candidate expects 2 arguments, 1 provided
In file included from ../src/bufferutil.cc:15:
../node_modules/nan/nan.h:1462:25: error: expected primary-expression before ‘>’ token
 1462 |         .As<v8::Function>();
      |                         ^
../node_modules/nan/nan.h:1462:27: error: expected primary-expression before ‘)’ token
 1462 |         .As<v8::Function>();
      |                           ^
../node_modules/nan/nan.h: In member function ‘void NanCallback::Call(int, int)’:
../node_modules/nan/nan.h:1469:34: error: no matching function for call to ‘v8::Object::Get(v8::Local<v8::String>)’
 1469 |         Get(NanSymbol("callback")).As<v8::Function>();
      |                                  ^
In file included from /home/codespace/.cache/node-gyp/20.10.0/include/node/v8-array-buffer.h:13,
                 from /home/codespace/.cache/node-gyp/20.10.0/include/node/v8.h:24,
                 from ../src/bufferutil.cc:7:
/home/codespace/.cache/node-gyp/20.10.0/include/node/v8-object.h:292:43: note: candidate: ‘v8::MaybeLocal<v8::Value> v8::Object::Get(v8::Local<v8::Context>, v8::Local<v8::Value>)’
  292 |   V8_WARN_UNUSED_RESULT MaybeLocal<Value> Get(Local<Context> context,
      |                                           ^~~
/home/codespace/.cache/node-gyp/20.10.0/include/node/v8-object.h:292:43: note:   candidate expects 2 arguments, 1 provided
/home/codespace/.cache/node-gyp/20.10.0/include/node/v8-object.h:295:43: note: candidate: ‘v8::MaybeLocal<v8::Value> v8::Object::Get(v8::Local<v8::Context>, uint32_t)’
  295 |   V8_WARN_UNUSED_RESULT MaybeLocal<Value> Get(Local<Context> context,
      |                                           ^~~
/home/codespace/.cache/node-gyp/20.10.0/include/node/v8-object.h:295:43: note:   candidate expects 2 arguments, 1 provided
In file included from ../src/bufferutil.cc:15:
../node_modules/nan/nan.h:1469:51: error: expected primary-expression before ‘>’ token
 1469 |         Get(NanSymbol("callback")).As<v8::Function>();
      |                                                   ^
../node_modules/nan/nan.h:1469:53: error: expected primary-expression before ‘)’ token
 1469 |         Get(NanSymbol("callback")).As<v8::Function>();
      |                                                     ^
../node_modules/nan/nan.h:1475:9: error: ‘argv’ was not declared in this scope; did you mean ‘argc’?
 1475 |       , argv
      |         ^~~~
      |         argc
../node_modules/nan/nan.h: In constructor ‘NanAsyncWorker::NanAsyncWorker(NanCallback*)’:
../node_modules/nan/nan.h:1505:46: error: no matching function for call to ‘NanAssignPersistent(v8::Persistent<v8::Object>&, v8::Local<v8::Object>&)’
 1505 |     NanAssignPersistent(persistentHandle, obj);
      |                                              ^
../node_modules/nan/nan.h:615:19: note: candidate: ‘template<class T> void NanAssignPersistent(v8::Persistent<T, v8::NonCopyablePersistentTraits<T> >&, int)’
  615 |   NAN_INLINE void NanAssignPersistent(
      |                   ^~~~~~~~~~~~~~~~~~~
../node_modules/nan/nan.h:615:19: note:   template argument deduction/substitution failed:
../node_modules/nan/nan.h:1505:43: note:   cannot convert ‘obj’ (type ‘v8::Local<v8::Object>’) to type ‘int’
 1505 |     NanAssignPersistent(persistentHandle, obj);
      |                                           ^~~
../node_modules/nan/nan.h:622:19: note: candidate: ‘template<class T> void NanAssignPersistent(v8::Persistent<T, v8::NonCopyablePersistentTraits<T> >&, const v8::Persistent<T, v8::NonCopyablePersistentTraits<T> >&)’
  622 |   NAN_INLINE void NanAssignPersistent(
      |                   ^~~~~~~~~~~~~~~~~~~
../node_modules/nan/nan.h:622:19: note:   template argument deduction/substitution failed:
../node_modules/nan/nan.h:1505:46: note:   ‘v8::Local<v8::Object>’ is not derived from ‘const v8::Persistent<T, v8::NonCopyablePersistentTraits<T> >’
 1505 |     NanAssignPersistent(persistentHandle, obj);
      |                                              ^
../node_modules/nan/nan.h: In member function ‘void NanAsyncWorker::SaveToPersistent(const char*, v8::Local<v8::Object>&)’:
../node_modules/nan/nan.h:1532:36: error: no matching function for call to ‘v8::Object::Set(v8::Local<v8::String>, v8::Local<v8::Object>&)’
 1532 |     handle->Set(NanSymbol(key), obj);
      |                                    ^
In file included from /home/codespace/.cache/node-gyp/20.10.0/include/node/v8-array-buffer.h:13,
                 from /home/codespace/.cache/node-gyp/20.10.0/include/node/v8.h:24,
                 from ../src/bufferutil.cc:7:
/home/codespace/.cache/node-gyp/20.10.0/include/node/v8-object.h:246:37: note: candidate: ‘v8::Maybe<bool> v8::Object::Set(v8::Local<v8::Context>, v8::Local<v8::Value>, v8::Local<v8::Value>)’
  246 |   V8_WARN_UNUSED_RESULT Maybe<bool> Set(Local<Context> context,
      |                                     ^~~
/home/codespace/.cache/node-gyp/20.10.0/include/node/v8-object.h:246:37: note:   candidate expects 3 arguments, 2 provided
/home/codespace/.cache/node-gyp/20.10.0/include/node/v8-object.h:249:37: note: candidate: ‘v8::Maybe<bool> v8::Object::Set(v8::Local<v8::Context>, uint32_t, v8::Local<v8::Value>)’
  249 |   V8_WARN_UNUSED_RESULT Maybe<bool> Set(Local<Context> context, uint32_t index,
      |                                     ^~~
/home/codespace/.cache/node-gyp/20.10.0/include/node/v8-object.h:249:37: note:   candidate expects 3 arguments, 2 provided
In file included from ../src/bufferutil.cc:15:
../node_modules/nan/nan.h: In member function ‘v8::Local<v8::Object> NanAsyncWorker::GetFromPersistent(const char*)’:
../node_modules/nan/nan.h:1538:53: error: no matching function for call to ‘v8::Object::Get(v8::Local<v8::String>)’
 1538 |     return NanEscapeScope(handle->Get(NanSymbol(key)).As<v8::Object>());
      |                                                     ^
../node_modules/nan/nan.h:684:43: note: in definition of macro ‘NanEscapeScope’
  684 | # define NanEscapeScope(val) scope.Escape(val)
      |                                           ^~~
In file included from /home/codespace/.cache/node-gyp/20.10.0/include/node/v8-array-buffer.h:13,
                 from /home/codespace/.cache/node-gyp/20.10.0/include/node/v8.h:24,
                 from ../src/bufferutil.cc:7:
/home/codespace/.cache/node-gyp/20.10.0/include/node/v8-object.h:292:43: note: candidate: ‘v8::MaybeLocal<v8::Value> v8::Object::Get(v8::Local<v8::Context>, v8::Local<v8::Value>)’
  292 |   V8_WARN_UNUSED_RESULT MaybeLocal<Value> Get(Local<Context> context,
      |                                           ^~~
/home/codespace/.cache/node-gyp/20.10.0/include/node/v8-object.h:292:43: note:   candidate expects 2 arguments, 1 provided
/home/codespace/.cache/node-gyp/20.10.0/include/node/v8-object.h:295:43: note: candidate: ‘v8::MaybeLocal<v8::Value> v8::Object::Get(v8::Local<v8::Context>, uint32_t)’
  295 |   V8_WARN_UNUSED_RESULT MaybeLocal<Value> Get(Local<Context> context,
      |                                           ^~~
/home/codespace/.cache/node-gyp/20.10.0/include/node/v8-object.h:295:43: note:   candidate expects 2 arguments, 1 provided
In file included from ../src/bufferutil.cc:15:
../node_modules/nan/nan.h:1538:68: error: expected primary-expression before ‘>’ token
 1538 |     return NanEscapeScope(handle->Get(NanSymbol(key)).As<v8::Object>());
      |                                                                    ^
../node_modules/nan/nan.h:684:43: note: in definition of macro ‘NanEscapeScope’
  684 | # define NanEscapeScope(val) scope.Escape(val)
      |                                           ^~~
../node_modules/nan/nan.h:1538:70: error: expected primary-expression before ‘)’ token
 1538 |     return NanEscapeScope(handle->Get(NanSymbol(key)).As<v8::Object>());
      |                                                                      ^
../node_modules/nan/nan.h:684:43: note: in definition of macro ‘NanEscapeScope’
  684 | # define NanEscapeScope(val) scope.Escape(val)
      |                                           ^~~
../node_modules/nan/nan.h: In member function ‘virtual void NanAsyncWorker::HandleOKCallback()’:
../node_modules/nan/nan.h:1553:23: warning: passing NULL to non-pointer argument 2 of ‘void NanCallback::Call(int, int)’ [-Wconversion-null]
 1553 |     callback->Call(0, NULL);
      |                       ^~~~
../node_modules/nan/nan.h:1465:23: note:   declared here
 1465 |   void Call(int argc, v8::Handle<v8::Value> argv[]) {
      |                       ^~~~~~~~~~
../node_modules/nan/nan.h: In member function ‘virtual void NanAsyncWorker::HandleErrorCallback()’:
../node_modules/nan/nan.h:1562:23: error: invalid conversion from ‘v8::Local<v8::Value>*’ to ‘int’ [-fpermissive]
 1562 |     callback->Call(1, argv);
      |                       ^~~~
      |                       |
      |                       v8::Local<v8::Value>*
../node_modules/nan/nan.h:1465:23: note:   initializing argument 2 of ‘void NanCallback::Call(int, int)’
 1465 |   void Call(int argc, v8::Handle<v8::Value> argv[]) {
      |                       ^~~~~~~~~~
../node_modules/nan/nan.h: In function ‘void NanAsyncQueueWorker(NanAsyncWorker*)’:
../node_modules/nan/nan.h:1582:25: warning: cast between incompatible function types from ‘void (*)(uv_work_t*)’ {aka ‘void (*)(uv_work_s*)’} to ‘uv_after_work_cb’ {aka ‘void (*)(uv_work_s*, int)’} [-Wcast-function-type]
 1582 |     , (uv_after_work_cb)NanAsyncExecuteComplete
      |                         ^~~~~~~~~~~~~~~~~~~~~~~
../node_modules/nan/nan.h: At global scope:
../node_modules/nan/nan.h:1715:9: error: ‘Handle’ is not a member of ‘v8’; did you mean ‘JobHandle’?
 1715 |     v8::Handle<v8::Value> val
      |         ^~~~~~
      |         JobHandle
../node_modules/nan/nan.h:1715:25: error: expected primary-expression before ‘>’ token
 1715 |     v8::Handle<v8::Value> val
      |                         ^
../node_modules/nan/nan.h:1715:27: error: ‘val’ was not declared in this scope
 1715 |     v8::Handle<v8::Value> val
      |                           ^~~
../node_modules/nan/nan.h:1716:5: error: expected primary-expression before ‘const’
 1716 |   , const char** data
      |     ^~~~~
../node_modules/nan/nan.h:1717:11: error: expected primary-expression before ‘*’ token
 1717 |   , size_t* len
      |           ^
../node_modules/nan/nan.h:1717:13: error: ‘len’ was not declared in this scope
 1717 |   , size_t* len
      |             ^~~
../node_modules/nan/nan.h:1718:1: error: expression list treated as compound expression in initializer [-fpermissive]
 1718 | ) {
      | ^
../node_modules/nan/nan.h:1751:9: warning: ‘always_inline’ attribute ignored [-Wattributes]
 1751 |     v8::Handle<v8::Value> from
      |         ^~~~~~
../node_modules/nan/nan.h:1751:9: error: ‘Handle’ is not a member of ‘v8’; did you mean ‘JobHandle’?
 1751 |     v8::Handle<v8::Value> from
      |         ^~~~~~
      |         JobHandle
../node_modules/nan/nan.h:1751:25: error: expected primary-expression before ‘>’ token
 1751 |     v8::Handle<v8::Value> from
      |                         ^
../node_modules/nan/nan.h:1751:27: error: ‘from’ was not declared in this scope; did you mean ‘fromfp’?
 1751 |     v8::Handle<v8::Value> from
      |                           ^~~~
      |                           fromfp
../node_modules/nan/nan.h:1752:5: error: expected primary-expression before ‘enum’
 1752 |   , enum Nan::Encoding encoding
      |     ^~~~
../node_modules/nan/nan.h:1753:12: error: expected primary-expression before ‘*’ token
 1753 |   , size_t *datalen
      |            ^
../node_modules/nan/nan.h:1753:13: error: ‘datalen’ was not declared in this scope
 1753 |   , size_t *datalen
      |             ^~~~~~~
../node_modules/nan/nan.h:1754:5: error: expected primary-expression before ‘void’
 1754 |   , void *buf
      |     ^~~~
../node_modules/nan/nan.h:1755:12: error: expected primary-expression before ‘buflen’
 1755 |   , size_t buflen
      |            ^~~~~~
../node_modules/nan/nan.h:1756:5: error: expected primary-expression before ‘int’
 1756 |   , int flags
      |     ^~~
../node_modules/nan/nan.h:1757:1: error: expression list treated as compound expression in initializer [-fpermissive]
 1757 | ) {
      | ^
../node_modules/nan/nan.h:1899:9: warning: ‘always_inline’ attribute ignored [-Wattributes]
 1899 |     v8::Handle<v8::Value> from
      |         ^~~~~~
../node_modules/nan/nan.h:1899:9: error: ‘Handle’ is not a member of ‘v8’; did you mean ‘JobHandle’?
 1899 |     v8::Handle<v8::Value> from
      |         ^~~~~~
      |         JobHandle
../node_modules/nan/nan.h:1899:25: error: expected primary-expression before ‘>’ token
 1899 |     v8::Handle<v8::Value> from
      |                         ^
../node_modules/nan/nan.h:1899:27: error: ‘from’ was not declared in this scope; did you mean ‘fromfp’?
 1899 |     v8::Handle<v8::Value> from
      |                           ^~~~
      |                           fromfp
../node_modules/nan/nan.h:1900:12: error: expected primary-expression before ‘*’ token
 1900 |   , size_t *datalen
      |            ^
../node_modules/nan/nan.h:1900:13: error: ‘datalen’ was not declared in this scope
 1900 |   , size_t *datalen
      |             ^~~~~~~
../node_modules/nan/nan.h:1901:5: error: expected primary-expression before ‘char’
 1901 |   , char *buf = NULL
      |     ^~~~
../node_modules/nan/nan.h:1902:12: error: expected primary-expression before ‘buflen’
 1902 |   , size_t buflen = 0
      |            ^~~~~~
../node_modules/nan/nan.h:1903:5: error: expected primary-expression before ‘int’
 1903 |   , int flags = v8::String::NO_OPTIONS
      |     ^~~
../node_modules/nan/nan.h:1904:1: error: expression list treated as compound expression in initializer [-fpermissive]
 1904 | ) {
      | ^
../src/bufferutil.cc:24:26: error: ‘v8::Handle’ has not been declared
   24 |   static void Initialize(v8::Handle<v8::Object> target)
      |                          ^~
../src/bufferutil.cc:24:36: error: expected ‘,’ or ‘...’ before ‘<’ token
   24 |   static void Initialize(v8::Handle<v8::Object> target)
      |                                    ^
../src/bufferutil.cc: In static member function ‘static void BufferUtil::Initialize(int)’:
../src/bufferutil.cc:29:52: error: call of overloaded ‘NODE_SET_METHOD(v8::Local<v8::FunctionTemplate>&, const char [7], void (&)(const v8::FunctionCallbackInfo<v8::Value>&))’ is ambiguous
   29 |     NODE_SET_METHOD(t, "unmask", BufferUtil::Unmask);
      |                                                    ^
In file included from ../src/bufferutil.cc:8:
/home/codespace/.cache/node-gyp/20.10.0/include/node/node.h:1006:13: note: candidate: ‘void node::NODE_SET_METHOD(v8::Local<v8::Template>, const char*, v8::FunctionCallback)’
 1006 | inline void NODE_SET_METHOD(v8::Local<v8::Template> recv,
      |             ^~~~~~~~~~~~~~~
/home/codespace/.cache/node-gyp/20.10.0/include/node/node.h:1020:13: note: candidate: ‘void node::NODE_SET_METHOD(v8::Local<v8::Object>, const char*, v8::FunctionCallback)’
 1020 | inline void NODE_SET_METHOD(v8::Local<v8::Object> recv,
      |             ^~~~~~~~~~~~~~~
../src/bufferutil.cc:30:48: error: call of overloaded ‘NODE_SET_METHOD(v8::Local<v8::FunctionTemplate>&, const char [5], void (&)(const v8::FunctionCallbackInfo<v8::Value>&))’ is ambiguous
   30 |     NODE_SET_METHOD(t, "mask", BufferUtil::Mask);
      |                                                ^
In file included from ../src/bufferutil.cc:8:
/home/codespace/.cache/node-gyp/20.10.0/include/node/node.h:1006:13: note: candidate: ‘void node::NODE_SET_METHOD(v8::Local<v8::Template>, const char*, v8::FunctionCallback)’
 1006 | inline void NODE_SET_METHOD(v8::Local<v8::Template> recv,
      |             ^~~~~~~~~~~~~~~
/home/codespace/.cache/node-gyp/20.10.0/include/node/node.h:1020:13: note: candidate: ‘void node::NODE_SET_METHOD(v8::Local<v8::Object>, const char*, v8::FunctionCallback)’
 1020 | inline void NODE_SET_METHOD(v8::Local<v8::Object> recv,
      |             ^~~~~~~~~~~~~~~
../src/bufferutil.cc:31:50: error: call of overloaded ‘NODE_SET_METHOD(v8::Local<v8::FunctionTemplate>&, const char [6], void (&)(const v8::FunctionCallbackInfo<v8::Value>&))’ is ambiguous
   31 |     NODE_SET_METHOD(t, "merge", BufferUtil::Merge);
      |                                                  ^
In file included from ../src/bufferutil.cc:8:
/home/codespace/.cache/node-gyp/20.10.0/include/node/node.h:1006:13: note: candidate: ‘void node::NODE_SET_METHOD(v8::Local<v8::Template>, const char*, v8::FunctionCallback)’
 1006 | inline void NODE_SET_METHOD(v8::Local<v8::Template> recv,
      |             ^~~~~~~~~~~~~~~
/home/codespace/.cache/node-gyp/20.10.0/include/node/node.h:1020:13: note: candidate: ‘void node::NODE_SET_METHOD(v8::Local<v8::Object>, const char*, v8::FunctionCallback)’
 1020 | inline void NODE_SET_METHOD(v8::Local<v8::Object> recv,
      |             ^~~~~~~~~~~~~~~
../src/bufferutil.cc:32:5: error: ‘target’ was not declared in this scope
   32 |     target->Set(NanSymbol("BufferUtil"), t->GetFunction());
      |     ^~~~~~
../src/bufferutil.cc:32:57: error: no matching function for call to ‘v8::FunctionTemplate::GetFunction()’
   32 |     target->Set(NanSymbol("BufferUtil"), t->GetFunction());
      |                                                         ^
In file included from /home/codespace/.cache/node-gyp/20.10.0/include/node/v8-function.h:15,
                 from /home/codespace/.cache/node-gyp/20.10.0/include/node/v8.h:33,
                 from ../src/bufferutil.cc:7:
/home/codespace/.cache/node-gyp/20.10.0/include/node/v8-template.h:497:46: note: candidate: ‘v8::MaybeLocal<v8::Function> v8::FunctionTemplate::GetFunction(v8::Local<v8::Context>)’
  497 |   V8_WARN_UNUSED_RESULT MaybeLocal<Function> GetFunction(
      |                                              ^~~~~~~~~~~
/home/codespace/.cache/node-gyp/20.10.0/include/node/v8-template.h:497:46: note:   candidate expects 1 argument, 0 provided
../src/bufferutil.cc: In static member function ‘static void BufferUtil::Merge(const v8::FunctionCallbackInfo<v8::Value>&)’:
../src/bufferutil.cc:48:49: error: no matching function for call to ‘v8::Value::ToObject()’
   48 |     Local<Object> bufferObj = args[0]->ToObject();
      |                                                 ^
In file included from /home/codespace/.cache/node-gyp/20.10.0/include/node/v8-primitive.h:11,
                 from /home/codespace/.cache/node-gyp/20.10.0/include/node/v8-object.h:11,
                 from /home/codespace/.cache/node-gyp/20.10.0/include/node/v8-array-buffer.h:13,
                 from /home/codespace/.cache/node-gyp/20.10.0/include/node/v8.h:24,
                 from ../src/bufferutil.cc:7:
/home/codespace/.cache/node-gyp/20.10.0/include/node/v8-value.h:382:44: note: candidate: ‘v8::MaybeLocal<v8::Object> v8::Value::ToObject(v8::Local<v8::Context>) const’
  382 |   V8_WARN_UNUSED_RESULT MaybeLocal<Object> ToObject(
      |                                            ^~~~~~~~
/home/codespace/.cache/node-gyp/20.10.0/include/node/v8-value.h:382:44: note:   candidate expects 1 argument, 0 provided
../src/bufferutil.cc:55:39: error: no matching function for call to ‘v8::Array::Get(unsigned int&)’
   55 |       Local<Object> src = array->Get(i)->ToObject();
      |                                       ^
In file included from /home/codespace/.cache/node-gyp/20.10.0/include/node/v8-array-buffer.h:13,
                 from /home/codespace/.cache/node-gyp/20.10.0/include/node/v8.h:24,
                 from ../src/bufferutil.cc:7:
/home/codespace/.cache/node-gyp/20.10.0/include/node/v8-object.h:292:43: note: candidate: ‘v8::MaybeLocal<v8::Value> v8::Object::Get(v8::Local<v8::Context>, v8::Local<v8::Value>)’
  292 |   V8_WARN_UNUSED_RESULT MaybeLocal<Value> Get(Local<Context> context,
      |                                           ^~~
/home/codespace/.cache/node-gyp/20.10.0/include/node/v8-object.h:292:43: note:   candidate expects 2 arguments, 1 provided
/home/codespace/.cache/node-gyp/20.10.0/include/node/v8-object.h:295:43: note: candidate: ‘v8::MaybeLocal<v8::Value> v8::Object::Get(v8::Local<v8::Context>, uint32_t)’
  295 |   V8_WARN_UNUSED_RESULT MaybeLocal<Value> Get(Local<Context> context,
      |                                           ^~~
/home/codespace/.cache/node-gyp/20.10.0/include/node/v8-object.h:295:43: note:   candidate expects 2 arguments, 1 provided
../src/bufferutil.cc: In static member function ‘static void BufferUtil::Unmask(const v8::FunctionCallbackInfo<v8::Value>&)’:
../src/bufferutil.cc:66:50: error: no matching function for call to ‘v8::Value::ToObject()’
   66 |     Local<Object> buffer_obj = args[0]->ToObject();
      |                                                  ^
In file included from /home/codespace/.cache/node-gyp/20.10.0/include/node/v8-primitive.h:11,
                 from /home/codespace/.cache/node-gyp/20.10.0/include/node/v8-object.h:11,
                 from /home/codespace/.cache/node-gyp/20.10.0/include/node/v8-array-buffer.h:13,
                 from /home/codespace/.cache/node-gyp/20.10.0/include/node/v8.h:24,
                 from ../src/bufferutil.cc:7:
/home/codespace/.cache/node-gyp/20.10.0/include/node/v8-value.h:382:44: note: candidate: ‘v8::MaybeLocal<v8::Object> v8::Value::ToObject(v8::Local<v8::Context>) const’
  382 |   V8_WARN_UNUSED_RESULT MaybeLocal<Object> ToObject(
      |                                            ^~~~~~~~
/home/codespace/.cache/node-gyp/20.10.0/include/node/v8-value.h:382:44: note:   candidate expects 1 argument, 0 provided
../src/bufferutil.cc:68:48: error: no matching function for call to ‘v8::Value::ToObject()’
   68 |     Local<Object> mask_obj = args[1]->ToObject();
      |                                                ^
In file included from /home/codespace/.cache/node-gyp/20.10.0/include/node/v8-primitive.h:11,
                 from /home/codespace/.cache/node-gyp/20.10.0/include/node/v8-object.h:11,
                 from /home/codespace/.cache/node-gyp/20.10.0/include/node/v8-array-buffer.h:13,
                 from /home/codespace/.cache/node-gyp/20.10.0/include/node/v8.h:24,
                 from ../src/bufferutil.cc:7:
/home/codespace/.cache/node-gyp/20.10.0/include/node/v8-value.h:382:44: note: candidate: ‘v8::MaybeLocal<v8::Object> v8::Value::ToObject(v8::Local<v8::Context>) const’
  382 |   V8_WARN_UNUSED_RESULT MaybeLocal<Object> ToObject(
      |                                            ^~~~~~~~
/home/codespace/.cache/node-gyp/20.10.0/include/node/v8-value.h:382:44: note:   candidate expects 1 argument, 0 provided
../src/bufferutil.cc: In static member function ‘static void BufferUtil::Mask(const v8::FunctionCallbackInfo<v8::Value>&)’:
../src/bufferutil.cc:87:50: error: no matching function for call to ‘v8::Value::ToObject()’
   87 |     Local<Object> buffer_obj = args[0]->ToObject();
      |                                                  ^
In file included from /home/codespace/.cache/node-gyp/20.10.0/include/node/v8-primitive.h:11,
                 from /home/codespace/.cache/node-gyp/20.10.0/include/node/v8-object.h:11,
                 from /home/codespace/.cache/node-gyp/20.10.0/include/node/v8-array-buffer.h:13,
                 from /home/codespace/.cache/node-gyp/20.10.0/include/node/v8.h:24,
                 from ../src/bufferutil.cc:7:
/home/codespace/.cache/node-gyp/20.10.0/include/node/v8-value.h:382:44: note: candidate: ‘v8::MaybeLocal<v8::Object> v8::Value::ToObject(v8::Local<v8::Context>) const’
  382 |   V8_WARN_UNUSED_RESULT MaybeLocal<Object> ToObject(
      |                                            ^~~~~~~~
/home/codespace/.cache/node-gyp/20.10.0/include/node/v8-value.h:382:44: note:   candidate expects 1 argument, 0 provided
../src/bufferutil.cc:88:48: error: no matching function for call to ‘v8::Value::ToObject()’
   88 |     Local<Object> mask_obj = args[1]->ToObject();
      |                                                ^
In file included from /home/codespace/.cache/node-gyp/20.10.0/include/node/v8-primitive.h:11,
                 from /home/codespace/.cache/node-gyp/20.10.0/include/node/v8-object.h:11,
                 from /home/codespace/.cache/node-gyp/20.10.0/include/node/v8-array-buffer.h:13,
                 from /home/codespace/.cache/node-gyp/20.10.0/include/node/v8.h:24,
                 from ../src/bufferutil.cc:7:
/home/codespace/.cache/node-gyp/20.10.0/include/node/v8-value.h:382:44: note: candidate: ‘v8::MaybeLocal<v8::Object> v8::Value::ToObject(v8::Local<v8::Context>) const’
  382 |   V8_WARN_UNUSED_RESULT MaybeLocal<Object> ToObject(
      |                                            ^~~~~~~~
/home/codespace/.cache/node-gyp/20.10.0/include/node/v8-value.h:382:44: note:   candidate expects 1 argument, 0 provided
../src/bufferutil.cc:90:50: error: no matching function for call to ‘v8::Value::ToObject()’
   90 |     Local<Object> output_obj = args[2]->ToObject();
      |                                                  ^
In file included from /home/codespace/.cache/node-gyp/20.10.0/include/node/v8-primitive.h:11,
                 from /home/codespace/.cache/node-gyp/20.10.0/include/node/v8-object.h:11,
                 from /home/codespace/.cache/node-gyp/20.10.0/include/node/v8-array-buffer.h:13,
                 from /home/codespace/.cache/node-gyp/20.10.0/include/node/v8.h:24,
                 from ../src/bufferutil.cc:7:
/home/codespace/.cache/node-gyp/20.10.0/include/node/v8-value.h:382:44: note: candidate: ‘v8::MaybeLocal<v8::Object> v8::Value::ToObject(v8::Local<v8::Context>) const’
  382 |   V8_WARN_UNUSED_RESULT MaybeLocal<Object> ToObject(
      |                                            ^~~~~~~~
/home/codespace/.cache/node-gyp/20.10.0/include/node/v8-value.h:382:44: note:   candidate expects 1 argument, 0 provided
../src/bufferutil.cc:91:51: error: no matching function for call to ‘v8::Value::Int32Value()’
   91 |     unsigned int dataOffset = args[3]->Int32Value();
      |                                                   ^
In file included from /home/codespace/.cache/node-gyp/20.10.0/include/node/v8-primitive.h:11,
                 from /home/codespace/.cache/node-gyp/20.10.0/include/node/v8-object.h:11,
                 from /home/codespace/.cache/node-gyp/20.10.0/include/node/v8-array-buffer.h:13,
                 from /home/codespace/.cache/node-gyp/20.10.0/include/node/v8.h:24,
                 from ../src/bufferutil.cc:7:
/home/codespace/.cache/node-gyp/20.10.0/include/node/v8-value.h:429:40: note: candidate: ‘v8::Maybe<int> v8::Value::Int32Value(v8::Local<v8::Context>) const’
  429 |   V8_WARN_UNUSED_RESULT Maybe<int32_t> Int32Value(Local<Context> context) const;
      |                                        ^~~~~~~~~~
/home/codespace/.cache/node-gyp/20.10.0/include/node/v8-value.h:429:40: note:   candidate expects 1 argument, 0 provided
../src/bufferutil.cc:92:47: error: no matching function for call to ‘v8::Value::Int32Value()’
   92 |     unsigned int length = args[4]->Int32Value();
      |                                               ^
In file included from /home/codespace/.cache/node-gyp/20.10.0/include/node/v8-primitive.h:11,
                 from /home/codespace/.cache/node-gyp/20.10.0/include/node/v8-object.h:11,
                 from /home/codespace/.cache/node-gyp/20.10.0/include/node/v8-array-buffer.h:13,
                 from /home/codespace/.cache/node-gyp/20.10.0/include/node/v8.h:24,
                 from ../src/bufferutil.cc:7:
/home/codespace/.cache/node-gyp/20.10.0/include/node/v8-value.h:429:40: note: candidate: ‘v8::Maybe<int> v8::Value::Int32Value(v8::Local<v8::Context>) const’
  429 |   V8_WARN_UNUSED_RESULT Maybe<int32_t> Int32Value(Local<Context> context) const;
      |                                        ^~~~~~~~~~
/home/codespace/.cache/node-gyp/20.10.0/include/node/v8-value.h:429:40: note:   candidate expects 1 argument, 0 provided
../src/bufferutil.cc: At global scope:
../src/bufferutil.cc:110:23: error: variable or field ‘init’ declared void
  110 | extern "C" void init (Handle<Object> target)
      |                       ^~~~~~
../src/bufferutil.cc:110:23: error: ‘Handle’ was not declared in this scope
../src/bufferutil.cc:110:36: error: expected primary-expression before ‘>’ token
  110 | extern "C" void init (Handle<Object> target)
      |                                    ^
../src/bufferutil.cc:110:38: error: ‘target’ was not declared in this scope
  110 | extern "C" void init (Handle<Object> target)
      |                                      ^~~~~~
In file included from ../src/bufferutil.cc:8:
../src/bufferutil.cc:116:25: error: ‘init’ was not declared in this scope; did you mean ‘int’?
  116 | NODE_MODULE(bufferutil, init)
      |                         ^~~~
/home/codespace/.cache/node-gyp/20.10.0/include/node/node.h:1172:36: note: in definition of macro ‘NODE_MODULE_X’
 1172 |       (node::addon_register_func) (regfunc),                          \
      |                                    ^~~~~~~
../src/bufferutil.cc:116:1: note: in expansion of macro ‘NODE_MODULE’
  116 | NODE_MODULE(bufferutil, init)
      | ^~~~~~~~~~~
In file included from ../src/bufferutil.cc:15:
../node_modules/nan/nan.h:1714:13: warning: ‘_NanGetExternalParts’ defined but not used [-Wunused-variable]
 1714 | static bool _NanGetExternalParts(
      |             ^~~~~~~~~~~~~~~~~~~~
make: *** [bufferutil.target.mk:115: Release/obj.target/bufferutil/src/bufferutil.o] Error 1
gyp ERR! build error 
gyp ERR! stack Error: `make` failed with exit code: 2
gyp ERR! stack     at ChildProcess.onExit (/opt/nodejs/16.20.2/lib/node_modules/npm/node_modules/node-gyp/lib/build.js:201:23)
gyp ERR! stack     at ChildProcess.emit (node:events:514:28)
gyp ERR! stack     at ChildProcess._handle.onexit (node:internal/child_process:294:12)
gyp ERR! System Linux 6.2.0-1018-azure
gyp ERR! command "/usr/local/share/nvm/versions/node/v20.10.0/bin/node" "/opt/nodejs/16.20.2/lib/node_modules/npm/node_modules/node-gyp/bin/node-gyp.js" "rebuild"
gyp ERR! cwd /workspaces/smart_dustbin/node_modules/ws
gyp ERR! node -v v20.10.0
gyp ERR! node-gyp -v v9.1.0
gyp ERR! not ok 
